<?xml version="1.0" encoding="UTF-8"?>
<testng-results ignored="0" total="3" passed="2" failed="1" skipped="0">
  <reporter-output>
  </reporter-output>
  <suite started-at="2024-01-10T15:21:11 IST" name="Default suite" finished-at="2024-01-10T15:21:18 IST" duration-ms="7766">
    <groups>
    </groups>
    <test started-at="2024-01-10T15:21:11 IST" name="Default test" finished-at="2024-01-10T15:21:18 IST" duration-ms="7766">
      <class name="com.test.MySeleniumTestRunner">
        <test-method is-config="true" signature="InitializeDriver()[pri:0, instance:com.test.MySeleniumTestRunner@434a63ab]" started-at="2024-01-10T15:21:11 IST" name="InitializeDriver" finished-at="2024-01-10T15:21:13 IST" duration-ms="2811" status="PASS">
          <reporter-output>
          </reporter-output>
        </test-method> <!-- InitializeDriver -->
        <test-method signature="loadGooglePage()[pri:0, instance:com.test.MySeleniumTestRunner@434a63ab]" started-at="2024-01-10T15:21:13 IST" name="loadGooglePage" finished-at="2024-01-10T15:21:16 IST" duration-ms="2188" status="PASS">
          <reporter-output>
          </reporter-output>
        </test-method> <!-- loadGooglePage -->
        <test-method signature="openTutorialPoints()[pri:0, instance:com.test.MySeleniumTestRunner@434a63ab]" started-at="2024-01-10T15:21:16 IST" name="openTutorialPoints" finished-at="2024-01-10T15:21:16 IST" duration-ms="22" status="FAIL">
          <exception class="java.lang.IndexOutOfBoundsException">
            <message>
              <![CDATA[Index 2 out of bounds for length 0]]>
            </message>
            <full-stacktrace>
              <![CDATA[java.lang.IndexOutOfBoundsException: Index 2 out of bounds for length 0
at java.base/jdk.internal.util.Preconditions.outOfBounds(Preconditions.java:64)
at java.base/jdk.internal.util.Preconditions.outOfBoundsCheckIndex(Preconditions.java:70)
at java.base/jdk.internal.util.Preconditions.checkIndex(Preconditions.java:266)
at java.base/java.util.Objects.checkIndex(Objects.java:361)
at java.base/java.util.ArrayList.get(ArrayList.java:427)
at com.test.MySeleniumTestRunner.openTutorialPoints(MySeleniumTestRunner.java:34)
at java.base/jdk.internal.reflect.NativeMethodAccessorImpl.invoke0(Native Method)
at java.base/jdk.internal.reflect.NativeMethodAccessorImpl.invoke(NativeMethodAccessorImpl.java:77)
at java.base/jdk.internal.reflect.DelegatingMethodAccessorImpl.invoke(DelegatingMethodAccessorImpl.java:43)
at java.base/java.lang.reflect.Method.invoke(Method.java:568)
at org.testng.internal.MethodInvocationHelper.invokeMethod(MethodInvocationHelper.java:133)
at org.testng.internal.TestInvoker.invokeMethod(TestInvoker.java:598)
at org.testng.internal.TestInvoker.invokeTestMethod(TestInvoker.java:173)
at org.testng.internal.MethodRunner.runInSequence(MethodRunner.java:46)
at org.testng.internal.TestInvoker$MethodInvocationAgent.invoke(TestInvoker.java:824)
at org.testng.internal.TestInvoker.invokeTestMethods(TestInvoker.java:146)
at org.testng.internal.TestMethodWorker.invokeTestMethods(TestMethodWorker.java:146)
at org.testng.internal.TestMethodWorker.run(TestMethodWorker.java:128)
at java.base/java.util.ArrayList.forEach(ArrayList.java:1511)
at org.testng.TestRunner.privateRun(TestRunner.java:794)
at org.testng.TestRunner.run(TestRunner.java:596)
at org.testng.SuiteRunner.runTest(SuiteRunner.java:377)
at org.testng.SuiteRunner.runSequentially(SuiteRunner.java:371)
at org.testng.SuiteRunner.privateRun(SuiteRunner.java:332)
at org.testng.SuiteRunner.run(SuiteRunner.java:276)
at org.testng.SuiteRunnerWorker.runSuite(SuiteRunnerWorker.java:53)
at org.testng.SuiteRunnerWorker.run(SuiteRunnerWorker.java:96)
at org.testng.TestNG.runSuitesSequentially(TestNG.java:1212)
at org.testng.TestNG.runSuitesLocally(TestNG.java:1134)
at org.testng.TestNG.runSuites(TestNG.java:1063)
at org.testng.TestNG.run(TestNG.java:1031)
at org.testng.remote.AbstractRemoteTestNG.run(AbstractRemoteTestNG.java:115)
at org.testng.remote.RemoteTestNG.initAndRun(RemoteTestNG.java:251)
at org.testng.remote.RemoteTestNG.main(RemoteTestNG.java:77)
]]>
            </full-stacktrace>
          </exception> <!-- java.lang.IndexOutOfBoundsException -->
          <reporter-output>
          </reporter-output>
        </test-method> <!-- openTutorialPoints -->
        <test-method signature="searchTutorial()[pri:0, instance:com.test.MySeleniumTestRunner@434a63ab]" started-at="2024-01-10T15:21:16 IST" name="searchTutorial" finished-at="2024-01-10T15:21:17 IST" duration-ms="1649" status="PASS">
          <reporter-output>
          </reporter-output>
        </test-method> <!-- searchTutorial -->
        <test-method is-config="true" signature="close()[pri:0, instance:com.test.MySeleniumTestRunner@434a63ab]" started-at="2024-01-10T15:21:17 IST" name="close" finished-at="2024-01-10T15:21:18 IST" duration-ms="1067" status="PASS">
          <reporter-output>
          </reporter-output>
        </test-method> <!-- close -->
      </class> <!-- com.test.MySeleniumTestRunner -->
    </test> <!-- Default test -->
  </suite> <!-- Default suite -->
</testng-results>
